\BOOKMARK [0][-]{chapter.1}{\376\377\000I\000n\000t\000r\000o\000d\000u\000c\000t\000i\000o\000n}{}% 1
\BOOKMARK [0][-]{chapter.2}{\376\377\000C\000o\000n\000t\000i\000n\000u\000o\000u\000s\000\040\000I\000n\000t\000e\000g\000r\000a\000t\000i\000o\000n}{}% 2
\BOOKMARK [1][-]{section.2.1}{\376\377\000C\000o\000n\000t\000i\000n\000u\000o\000u\000s\000\040\000I\000n\000t\000e\000g\000r\000a\000t\000i\000o\000n}{chapter.2}% 3
\BOOKMARK [1][-]{section.2.2}{\376\377\000D\000e\000m\000a\000n\000d\000s\000\040\000o\000f\000\040\000C\000o\000n\000t\000i\000n\000u\000o\000u\000s\000\040\000I\000n\000t\000e\000g\000r\000a\000t\000i\000o\000n}{chapter.2}% 4
\BOOKMARK [1][-]{section.2.3}{\376\377\000S\000t\000a\000g\000e\000s\000\040\000o\000f\000\040\000C\000o\000n\000t\000i\000n\000u\000o\000u\000s\000\040\000I\000n\000t\000e\000g\000r\000a\000t\000i\000o\000n}{chapter.2}% 5
\BOOKMARK [1][-]{section.2.4}{\376\377\000C\000o\000n\000t\000i\000n\000u\000o\000u\000s\000\040\000I\000n\000t\000e\000g\000r\000a\000t\000i\000o\000n\000\040\000S\000e\000r\000v\000e\000r}{chapter.2}% 6
\BOOKMARK [2][-]{subsection.2.4.1}{\376\377\000P\000o\000l\000l\000i\000n\000g}{section.2.4}% 7
\BOOKMARK [1][-]{section.2.5}{\376\377\000B\000u\000i\000l\000d\000\040\000S\000c\000r\000i\000p\000t}{chapter.2}% 8
\BOOKMARK [1][-]{section.2.6}{\376\377\000R\000e\000s\000e\000a\000r\000c\000h\000\040\000a\000b\000o\000u\000t\000\040\000t\000h\000e\000\040\000B\000u\000i\000l\000d\000s\000\040\000o\000f\000\040\000C\000o\000n\000t\000i\000n\000u\000o\000u\000s\000\040\000I\000n\000t\000e\000g\000r\000a\000t\000i\000o\000n}{chapter.2}% 9
\BOOKMARK [1][-]{section.2.7}{\376\377\000B\000e\000s\000t\000\040\000P\000r\000a\000c\000t\000i\000c\000e\000s\000\040\000o\000f\000\040\000C\000o\000n\000t\000i\000n\000u\000o\000u\000s\000\040\000I\000n\000t\000e\000g\000r\000a\000t\000i\000o\000n}{chapter.2}% 10
\BOOKMARK [2][-]{subsection.2.7.1}{\376\377\000M\000a\000i\000n\000t\000a\000i\000n\000\040\000a\000\040\000C\000e\000n\000t\000r\000a\000l\000\040\000C\000o\000d\000e\000\040\000R\000e\000p\000o\000s\000i\000t\000o\000r\000y}{section.2.7}% 11
\BOOKMARK [2][-]{subsection.2.7.2}{\376\377\000C\000o\000m\000m\000i\000t\000\040\000C\000o\000d\000e\000\040\000F\000r\000e\000q\000u\000e\000n\000t\000l\000y}{section.2.7}% 12
\BOOKMARK [2][-]{subsection.2.7.3}{\376\377\000D\000o\000\040\000N\000o\000t\000\040\000C\000o\000m\000m\000i\000t\000\040\000a\000\040\000B\000r\000o\000k\000e\000n\000\040\000C\000o\000d\000e}{section.2.7}% 13
\BOOKMARK [2][-]{subsection.2.7.4}{\376\377\000F\000i\000x\000\040\000B\000r\000o\000k\000e\000n\000\040\000B\000u\000i\000l\000d\000s\000\040\000I\000m\000m\000e\000d\000i\000a\000t\000e\000l\000y}{section.2.7}% 14
\BOOKMARK [2][-]{subsection.2.7.5}{\376\377\000K\000e\000e\000p\000\040\000t\000h\000e\000\040\000B\000u\000i\000l\000d\000\040\000F\000a\000s\000t}{section.2.7}% 15
\BOOKMARK [2][-]{subsection.2.7.6}{\376\377\000E\000v\000e\000r\000y\000o\000n\000e\000\040\000C\000a\000n\000\040\000S\000e\000e\000\040\000W\000h\000a\000t\000\040\000I\000s\000\040\000H\000a\000p\000p\000e\000n\000i\000n\000g}{section.2.7}% 16
\BOOKMARK [2][-]{subsection.2.7.7}{\376\377\000A\000u\000t\000o\000m\000a\000t\000e\000\040\000D\000e\000p\000l\000o\000y\000m\000e\000n\000t}{section.2.7}% 17
\BOOKMARK [0][-]{chapter.3}{\376\377\000A\000u\000t\000o\000m\000a\000t\000e\000d\000\040\000C\000o\000d\000e\000\040\000R\000e\000v\000i\000e\000w}{}% 18
\BOOKMARK [1][-]{section.3.1}{\376\377\000C\000o\000d\000e\000\040\000R\000e\000v\000i\000e\000w}{chapter.3}% 19
\BOOKMARK [1][-]{section.3.2}{\376\377\000P\000r\000i\000n\000c\000i\000p\000l\000e\000\040\000o\000f\000\040\000C\000o\000d\000e\000\040\000R\000e\000v\000i\000e\000w}{chapter.3}% 20
\BOOKMARK [1][-]{section.3.3}{\376\377\000T\000y\000p\000e\000s\000\040\000o\000f\000\040\000C\000o\000d\000e\000\040\000R\000e\000v\000i\000e\000w}{chapter.3}% 21
\BOOKMARK [1][-]{section.3.4}{\376\377\000A\000u\000t\000o\000m\000a\000t\000e\000d\000\040\000C\000o\000d\000e\000\040\000R\000e\000v\000i\000e\000w}{chapter.3}% 22
\BOOKMARK [1][-]{section.3.5}{\376\377\000A\000u\000t\000o\000m\000a\000t\000e\000d\000\040\000C\000o\000d\000e\000\040\000R\000e\000v\000i\000e\000w\000\040\000i\000n\000\040\000C\000o\000n\000t\000i\000n\000u\000o\000u\000s\000\040\000I\000n\000t\000e\000g\000r\000a\000t\000i\000o\000n}{chapter.3}% 23
\BOOKMARK [0][-]{chapter.4}{\376\377\000I\000m\000p\000l\000e\000m\000e\000n\000t\000a\000t\000i\000o\000n}{}% 24
\BOOKMARK [1][-]{section.4.1}{\376\377\000M\000a\000n\000a\000g\000e\000I\000Q\000\040\000B\000o\000t}{chapter.4}% 25
\BOOKMARK [1][-]{section.4.2}{\376\377\000P\000r\000o\000n\000t\000o}{chapter.4}% 26
\BOOKMARK [2][-]{subsection.4.2.1}{\376\377\000I\000s\000s\000u\000e\000s}{section.4.2}% 27
\BOOKMARK [2][-]{subsection.4.2.2}{\376\377\000I\000n\000t\000e\000g\000r\000a\000t\000i\000o\000n}{section.4.2}% 28
\BOOKMARK [2][-]{subsection.4.2.3}{\376\377\000E\000n\000h\000a\000n\000c\000e\000m\000e\000n\000t\000s}{section.4.2}% 29
\BOOKMARK [1][-]{section.4.3}{\376\377\000P\000u\000l\000l\000\040\000R\000e\000q\000u\000e\000s\000t\000\040\000R\000e\000v\000i\000e\000w\000\040\000R\000e\000q\000u\000e\000s\000t\000\040\000C\000o\000m\000m\000a\000n\000d\000s}{chapter.4}% 30
\BOOKMARK [2][-]{subsection.4.3.1}{\376\377\000I\000s\000s\000u\000e\000s}{section.4.3}% 31
\BOOKMARK [2][-]{subsection.4.3.2}{\376\377\000I\000n\000t\000e\000g\000r\000a\000t\000i\000o\000n}{section.4.3}% 32
\BOOKMARK [1][-]{section.4.4}{\376\377\000G\000i\000t\000H\000u\000b\000\040\000S\000t\000a\000t\000u\000s\000\040\000A\000P\000I}{chapter.4}% 33
\BOOKMARK [2][-]{subsection.4.4.1}{\376\377\000I\000s\000s\000u\000e\000s}{section.4.4}% 34
\BOOKMARK [2][-]{subsection.4.4.2}{\376\377\000I\000n\000t\000e\000g\000r\000a\000t\000i\000o\000n}{section.4.4}% 35
\BOOKMARK [1][-]{section.4.5}{\376\377\000B\000r\000a\000n\000c\000h\000\040\000S\000t\000a\000t\000u\000s\000\040\000N\000o\000t\000i\000f\000i\000c\000a\000t\000i\000o\000n\000\040\000v\000i\000a\000\040\000G\000i\000t\000t\000e\000r}{chapter.4}% 36
\BOOKMARK [2][-]{subsection.4.5.1}{\376\377\000I\000s\000s\000u\000e\000s}{section.4.5}% 37
\BOOKMARK [2][-]{subsection.4.5.2}{\376\377\000I\000n\000t\000e\000g\000r\000a\000t\000i\000o\000n}{section.4.5}% 38
\BOOKMARK [1][-]{section.4.6}{\376\377\000U\000n\000m\000e\000r\000g\000e\000a\000b\000l\000e\000\040\000C\000o\000m\000m\000e\000n\000t\000s}{chapter.4}% 39
\BOOKMARK [1][-]{section.4.7}{\376\377\000A\000u\000t\000o\000m\000a\000t\000e\000d\000\040\000R\000e\000v\000i\000e\000w\000\040\000R\000e\000q\000u\000e\000s\000t\000\040\000o\000f\000\040\000C\000o\000d\000e\000o\000w\000n\000e\000r\000s}{chapter.4}% 40
\BOOKMARK [0][-]{chapter.5}{\376\377\000C\000o\000n\000c\000l\000u\000s\000i\000o\000n}{}% 41
\BOOKMARK [0][-]{chapter*.2}{\376\377\000B\000i\000b\000l\000i\000o\000g\000r\000a\000p\000h\000y}{}% 42
